<?xml version="1.0" encoding="UTF-8"?>
<!-- Generated by org.testng.reporters.JUnitReportReporter -->
<testsuite hostname="DESKTOP-VNBRP91" failures="0" tests="1" name="testcomponents.SignUpTest" time="10.978" errors="0" timestamp="2024-06-10T22:30:52 IST" skipped="0">
  <testcase classname="testcomponents.SignUpTest" name="signUpTest" time="10.978"/>
  <system-out/>
</testsuite> <!-- testcomponents.SignUpTest -->
