<?xml version="1.0" encoding="UTF-8"?>
<!-- Generated by org.testng.reporters.JUnitReportReporter -->
<testsuite hostname="DESKTOP-VNBRP91" failures="0" tests="2" name="testcomponents.Testing" time="5.236" errors="0" timestamp="2024-06-05T16:12:07 IST" skipped="0">
  <testcase classname="testcomponents.Testing" name="testCase001" time="4.454"/>
  <system-out/>
  <testcase classname="testcomponents.Testing" name="testCase002" time="0.782"/>
  <system-out/>
</testsuite> <!-- testcomponents.Testing -->
